{"level":"debug","logId":6522446561100,"message":["Server","3050"],"timestamp":"2024-02-16 22:13:59"}
{"level":"info","logId":6528147321600,"message":["Server","3050"],"timestamp":"2024-02-16 22:14:05"}
{"level":"info","logId":6557010469300,"message":["Server","3050"],"timestamp":"2024-02-16 22:14:34"}
{"level":"info","logId":6567085659200,"message":["Server","3050"],"timestamp":"2024-02-16 22:14:44"}
{"level":"info","logId":6577198659800,"message":["Server","3050"],"timestamp":"2024-02-16 22:14:54"}
{"level":"info","logId":6615072524500,"message":["Server","3050"],"timestamp":"2024-02-16 22:15:32"}
{"level":"info","logId":6620923061800,"message":["Server","3050"],"timestamp":"2024-02-16 22:15:38"}
{"level":"info","logId":6633700494800,"message":["Server","3050"],"timestamp":"2024-02-16 22:15:50"}
{"level":"info","logId":6710162753600,"message":["Server","3050"],"timestamp":"2024-02-16 22:17:07"}
{"level":"info","logId":6717286626600,"message":["Server","3050"],"timestamp":"2024-02-16 22:17:14"}
{"level":"info","logId":6734232945200,"message":["Server","3050"],"timestamp":"2024-02-16 22:17:31"}
{"level":"info","logId":6864276901600,"message":["Server","3050"],"timestamp":"2024-02-16 22:19:41"}
{"level":"info","logId":6884779251400,"message":["Server running on port 3050"],"timestamp":"2024-02-16 22:20:02"}
{"level":"info","logId":6904468575400,"message":["Server running on: http://localhost:3050"],"timestamp":"2024-02-16 22:20:21"}
{"level":"info","logId":6929798211400,"message":["Server running on: http://localhost:3050/catalogs"],"timestamp":"2024-02-16 22:20:47"}
{"level":"info","logId":6937184727000,"message":["Server running on: http://localhost:3050/catalogs"],"timestamp":"2024-02-16 22:20:54"}
{"level":"info","logId":6948720026600,"message":["Server running on: http://localhost:3050/catalogs/catalogs"],"timestamp":"2024-02-16 22:21:05"}
{"level":"info","logId":6952228162700,"message":["Server running on: http://localhost:3050/catalogs/catalogs"],"timestamp":"2024-02-16 22:21:09"}
{"level":"info","logId":7031475884000,"message":["Server running on: http://localhost:3050/catalogs/catalogs"],"timestamp":"2024-02-16 22:22:28"}
{"level":"info","logId":7035884202400,"message":["Server running on: http://localhost:3050/catalogs/catalogs"],"timestamp":"2024-02-16 22:22:33"}
{"level":"info","logId":7159681096000,"message":["Server running on: http://localhost:3050/catalogs/catalogs"],"timestamp":"2024-02-16 22:24:36"}
{"level":"info","logId":7217173747400,"message":["Server running on: http://localhost:3050/catalogs/catalogs"],"timestamp":"2024-02-16 22:25:34"}
{"level":"info","logId":7298458958300,"message":["Server running on: http://localhost:3050/catalogs/catalogs"],"timestamp":"2024-02-16 22:26:55"}
{"level":"info","logId":7305607905600,"message":["Server running on: http://localhost:3050/catalogs/catalogs"],"timestamp":"2024-02-16 22:27:02"}
{"level":"info","logId":7334801747100,"message":["Server running on: http://localhost:3050/catalogs/catalogs"],"timestamp":"2024-02-16 22:27:32"}
{"level":"info","logId":7656138797400,"message":["Server running on: http://localhost:3050/catalogs/catalogs"],"timestamp":"2024-02-16 22:32:53"}
{"level":"info","logId":7715593753400,"message":["Server running on: http://localhost:3050/catalogs/catalogs"],"timestamp":"2024-02-16 22:33:52"}
{"level":"info","logId":7759285882300,"message":["Server running on: http://localhost:3050/catalogs/catalogs"],"timestamp":"2024-02-16 22:34:36"}
{"level":"info","logId":7761439095700,"message":["Server running on: http://localhost:3050/catalogs/catalogs"],"timestamp":"2024-02-16 22:34:38"}
{"level":"info","logId":7799426308000,"message":["Server running on: http://localhost:3050/catalogs/catalogs"],"timestamp":"2024-02-16 22:35:16"}
{"level":"info","logId":7815355980900,"message":["Server running on: http://localhost:3050/catalogs/catalogs"],"timestamp":"2024-02-16 22:35:32"}
{"level":"info","logId":7819985955900,"message":["Server running on: http://localhost:3050/catalogs/catalogs"],"timestamp":"2024-02-16 22:35:37"}
{"level":"info","logId":7835543643600,"message":["Server running on: http://localhost:3050/catalogs/catalogs"],"timestamp":"2024-02-16 22:35:52"}
{"level":"info","logId":7841834607000,"message":["Server running on: http://localhost:3050/catalogs/catalogs"],"timestamp":"2024-02-16 22:35:59"}
{"level":"info","logId":7851428819700,"message":["Server running on: http://localhost:3050/catalogs/catalogs"],"timestamp":"2024-02-16 22:36:08"}
{"level":"info","logId":8144426553900,"message":["Server running on: http://localhost:3050/catalogs/catalogs"],"timestamp":"2024-02-16 22:41:01"}
{"level":"info","logId":8235113586300,"message":["Server running on: http://localhost:3050/catalogs/catalogs"],"timestamp":"2024-02-16 22:42:32"}
{"level":"info","logId":8250809870000,"message":["Server running on: http://localhost:3050/catalogs/catalogs"],"timestamp":"2024-02-16 22:42:48"}
{"level":"info","logId":8252839647600,"message":["Server running on: http://localhost:3050/catalogs/catalogs"],"timestamp":"2024-02-16 22:42:50"}
{"level":"info","logId":8369773489300,"message":["Server running on: http://localhost:3050/catalogs/catalogs"],"timestamp":"2024-02-16 22:44:47"}
{"level":"info","logId":8374346071600,"message":["Server running on: http://localhost:3050/catalogs/catalogs"],"timestamp":"2024-02-16 22:44:51"}
{"level":"info","logId":8377548217100,"message":["Server running on: http://localhost:3050/catalogs/catalogs"],"timestamp":"2024-02-16 22:44:54"}
{"level":"info","logId":8396263878600,"message":["Server running on: http://localhost:3050/catalogs/catalogs"],"timestamp":"2024-02-16 22:45:13"}
{"level":"info","logId":8397162590000,"message":["Server running on: http://localhost:3050/catalogs/catalogs"],"timestamp":"2024-02-16 22:45:14"}
{"level":"info","logId":8402821565300,"message":["Server running on: http://localhost:3050/catalogs/catalogs"],"timestamp":"2024-02-16 22:45:20"}
{"level":"info","logId":8413673238800,"message":["Server running on: http://localhost:3050/catalogs/catalogs"],"timestamp":"2024-02-16 22:45:30"}
{"level":"info","logId":8414864512500,"message":["Server running on: http://localhost:3050/catalogs/catalogs"],"timestamp":"2024-02-16 22:45:32"}
{"level":"info","logId":8431266989100,"message":["Server running on: http://localhost:3050/catalogs/catalogs"],"timestamp":"2024-02-16 22:45:48"}
{"level":"info","logId":8452088275300,"message":["Server running on: http://localhost:3050/catalogs/catalogs"],"timestamp":"2024-02-16 22:46:09"}
{"level":"info","logId":9029772949800,"message":["Server running on: http://localhost:3050/catalogs/catalogs"],"timestamp":"2024-02-16 22:55:47"}
{"level":"info","logId":9068347136700,"message":["Server running on: http://localhost:3050/catalogs/catalogs"],"timestamp":"2024-02-16 22:56:25"}
{"level":"info","logId":9076199753200,"message":["Server running on: http://localhost:3050/catalogs/catalogs"],"timestamp":"2024-02-16 22:56:33"}
{"level":"info","logId":9092900814300,"message":["Server running on: http://localhost:3050/catalogs/catalogs"],"timestamp":"2024-02-16 22:56:50"}
{"level":"info","logId":9128174969300,"message":["Server running on: http://localhost:3050/catalogs/catalogs"],"timestamp":"2024-02-16 22:57:25"}
{"level":"info","logId":9140161341900,"message":["Server running on: http://localhost:3050/catalogs/catalogs"],"timestamp":"2024-02-16 22:57:37"}
{"level":"info","logId":9182814679200,"message":["Server running on: http://localhost:3050/catalogs/catalogs"],"timestamp":"2024-02-16 22:58:20"}
{"level":"info","logId":9198345091900,"message":["Server running on: http://localhost:3050/catalogs/catalogs"],"timestamp":"2024-02-16 22:58:35"}
{"level":"info","logId":9199469384000,"message":["Server running on: http://localhost:3050/catalogs/catalogs"],"timestamp":"2024-02-16 22:58:36"}
{"level":"info","logId":9347138463800,"message":["Server running on: http://localhost:3050/catalogs/catalogs"],"timestamp":"2024-02-16 23:01:04"}
{"level":"info","logId":9357683852100,"message":["Server running on: http://localhost:3050/catalogs/catalogs"],"timestamp":"2024-02-16 23:01:14"}
{"level":"info","logId":9358447412300,"message":["Server running on: http://localhost:3050/catalogs/catalogs"],"timestamp":"2024-02-16 23:01:15"}
{"level":"info","logId":9365304068900,"message":["Server running on: http://localhost:3050/catalogs/catalogs"],"timestamp":"2024-02-16 23:01:22"}
{"level":"info","logId":9371326530900,"message":["Server running on: http://localhost:3050/catalogs/catalogs"],"timestamp":"2024-02-16 23:01:28"}
{"level":"info","logId":9375907393700,"message":["Server running on: http://localhost:3050/catalogs/catalogs"],"timestamp":"2024-02-16 23:01:33"}
{"level":"info","logId":9379850240600,"message":["Server running on: http://localhost:3050/catalogs/catalogs"],"timestamp":"2024-02-16 23:01:37"}
{"level":"info","logId":9382141947400,"message":["Server running on: http://localhost:3050/catalogs/catalogs"],"timestamp":"2024-02-16 23:01:39"}
{"level":"info","logId":9383501789400,"message":["Server running on: http://localhost:3050/catalogs/catalogs"],"timestamp":"2024-02-16 23:01:40"}
{"level":"info","logId":9384495591200,"message":["Server running on: http://localhost:3050/catalogs/catalogs"],"timestamp":"2024-02-16 23:01:41"}
{"level":"info","logId":9476910147400,"message":["Server running on: http://localhost:3050/catalogs/catalogs"],"timestamp":"2024-02-16 23:03:14"}
{"level":"info","logId":9478303119900,"message":["Server running on: http://localhost:3050/catalogs/catalogs"],"timestamp":"2024-02-16 23:03:15"}
{"level":"info","logId":9493060504800,"message":["Server running on: http://localhost:3050/catalogs/catalogs"],"timestamp":"2024-02-16 23:03:30"}
{"level":"info","logId":9511275459400,"message":["Server running on: http://localhost:3050/catalogs/catalogs"],"timestamp":"2024-02-16 23:03:48"}
{"level":"info","logId":9585686234300,"message":["Server running on: http://localhost:3050/catalogs/catalogs"],"timestamp":"2024-02-16 23:05:02"}
{"level":"info","logId":9619240009200,"message":["Server running on: http://localhost:3050/catalogs/catalogs"],"timestamp":"2024-02-16 23:05:36"}
{"level":"info","logId":9636486175300,"message":["Server running on: http://localhost:3050/catalogs/catalogs"],"timestamp":"2024-02-16 23:05:53"}
{"level":"info","logId":9648791193700,"message":["Server running on: http://localhost:3050/catalogs/catalogs"],"timestamp":"2024-02-16 23:06:06"}
{"level":"info","logId":9658000047800,"message":["Server running on: http://localhost:3050/catalogs/catalogs"],"timestamp":"2024-02-16 23:06:15"}
{"level":"info","logId":9670098875300,"message":["Server running on: http://localhost:3050/catalogs/catalogs"],"timestamp":"2024-02-16 23:06:27"}
{"level":"info","logId":9709058818700,"message":["Server running on: http://localhost:3050/catalogs/catalogs"],"timestamp":"2024-02-16 23:07:06"}
{"level":"info","logId":9718670036800,"message":["Server running on: http://localhost:3050/catalogs/catalogs"],"timestamp":"2024-02-16 23:07:15"}
{"level":"info","logId":9721613790200,"message":["Server running on: http://localhost:3050/catalogs/catalogs"],"timestamp":"2024-02-16 23:07:18"}
{"level":"info","logId":9722717326300,"message":["Server running on: http://localhost:3050/catalogs/catalogs"],"timestamp":"2024-02-16 23:07:19"}
{"level":"info","logId":9737757995700,"message":["Server running on: http://localhost:3050/catalogs/catalogs"],"timestamp":"2024-02-16 23:07:34"}
{"level":"info","logId":9788218692200,"message":["Server running on: http://localhost:3050/catalogs/catalogs"],"timestamp":"2024-02-16 23:08:25"}
{"level":"info","logId":9796089135500,"message":["Server running on: http://localhost:3050/catalogs/catalogs"],"timestamp":"2024-02-16 23:08:33"}
{"level":"info","logId":9812824509800,"message":["Server running on: http://localhost:3050/catalogs/catalogs"],"timestamp":"2024-02-16 23:08:50"}
{"level":"info","logId":9935918714200,"message":["Server running on: http://localhost:3050/catalogs/catalogs"],"timestamp":"2024-02-16 23:10:53"}
{"level":"info","logId":9940402759800,"message":["Server running on: http://localhost:3050/catalogs/catalogs"],"timestamp":"2024-02-16 23:10:57"}
{"level":"info","logId":9942974414500,"message":["Server running on: http://localhost:3050/catalogs/catalogs"],"timestamp":"2024-02-16 23:11:00"}
{"level":"info","logId":9996718865700,"message":["Server running on: http://localhost:3050/catalogs/catalogs"],"timestamp":"2024-02-16 23:11:53"}
{"level":"info","logId":10169471885600,"message":["Server running on: http://localhost:3050/catalogs/catalogs"],"timestamp":"2024-02-16 23:14:46"}
{"level":"info","logId":10216482014300,"message":["Server running on: http://localhost:3050/catalogs/catalogs"],"timestamp":"2024-02-16 23:15:33"}
{"level":"info","logId":10237930533100,"message":["Server running on: http://localhost:3050/catalogs/catalogs"],"timestamp":"2024-02-16 23:15:55"}
{"level":"info","logId":10242446023600,"message":["Server running on: http://localhost:3050/catalogs/catalogs"],"timestamp":"2024-02-16 23:15:59"}
{"level":"info","logId":10370237047200,"message":["Server running on: http://localhost:3050/catalogs/catalogs"],"timestamp":"2024-02-16 23:18:07"}
{"level":"info","logId":10387818106700,"message":["Server running on: http://localhost:3050/catalogs/catalogs"],"timestamp":"2024-02-16 23:18:25"}
{"level":"info","logId":10388830298800,"message":["Server running on: http://localhost:3050/catalogs/catalogs"],"timestamp":"2024-02-16 23:18:26"}
{"level":"info","logId":10428755916200,"message":["Server running on: http://localhost:3050/catalogs/catalogs"],"timestamp":"2024-02-16 23:19:05"}
{"level":"info","logId":10431840696300,"message":["Server running on: http://localhost:3050/catalogs/catalogs"],"timestamp":"2024-02-16 23:19:09"}
{"level":"info","logId":10459427774100,"message":["Server running on: http://localhost:3050/catalogs/catalogs"],"timestamp":"2024-02-16 23:19:36"}
{"level":"info","logId":10489521522300,"message":["Server running on: http://localhost:3050/catalogs/catalogs"],"timestamp":"2024-02-16 23:20:06"}
{"level":"info","logId":10506050833700,"message":["Server running on: http://localhost:3050/catalogs/catalogs"],"timestamp":"2024-02-16 23:20:23"}
{"level":"info","logId":10507249048600,"message":["Server running on: http://localhost:3050/catalogs/catalogs"],"timestamp":"2024-02-16 23:20:24"}
{"level":"info","logId":10518863852300,"message":["Server running on: http://localhost:3050/catalogs/catalogs"],"timestamp":"2024-02-16 23:20:36"}
{"level":"info","logId":10535096621700,"message":["Server running on: http://localhost:3050/catalogs/catalogs"],"timestamp":"2024-02-16 23:20:52"}
{"level":"info","logId":10538765726500,"message":["Server running on: http://localhost:3050/catalogs/catalogs"],"timestamp":"2024-02-16 23:20:55"}
{"level":"info","logId":10548090915200,"message":["Server running on: http://localhost:3050/catalogs/catalogs"],"timestamp":"2024-02-16 23:21:05"}
{"level":"info","logId":10565982971300,"message":["Server running on: http://localhost:3050/catalogs/catalogs"],"timestamp":"2024-02-16 23:21:23"}
{"level":"info","logId":10645579928800,"message":["Server running on: http://localhost:3050/catalogs/catalogs"],"timestamp":"2024-02-16 23:22:42"}
{"level":"info","logId":10646881056600,"message":["Server running on: http://localhost:3050/catalogs/catalogs"],"timestamp":"2024-02-16 23:22:44"}
{"level":"info","logId":10667116559700,"message":["Server running on: http://localhost:3050/catalogs/catalogs"],"timestamp":"2024-02-16 23:23:04"}
{"level":"info","logId":10681163270400,"message":["Server running on: http://localhost:3050/catalogs/catalogs"],"timestamp":"2024-02-16 23:23:18"}
{"level":"info","logId":10724137882600,"message":["Server running on: http://localhost:3050/catalogs/catalogs"],"timestamp":"2024-02-16 23:24:01"}
{"level":"info","logId":10782943130900,"message":["Server running on: http://localhost:3050/catalogs/catalogs"],"timestamp":"2024-02-16 23:25:00"}
{"level":"info","logId":10789987864300,"message":["Server running on: http://localhost:3050/catalogs/catalogs"],"timestamp":"2024-02-16 23:25:07"}
{"level":"info","logId":10839842289800,"message":["Server running on: http://localhost:3050/catalogs/catalogs"],"timestamp":"2024-02-16 23:25:57"}
{"level":"info","logId":10911392943800,"message":["Server running on: http://localhost:3050/catalogs/catalogs"],"timestamp":"2024-02-16 23:27:08"}
{"level":"info","logId":10918467406800,"message":["Server running on: http://localhost:3050/catalogs/catalogs"],"timestamp":"2024-02-16 23:27:15"}
{"level":"info","logId":10973821428000,"message":["Server running on: http://localhost:3050/catalogs/catalogs"],"timestamp":"2024-02-16 23:28:11"}
{"level":"info","logId":11008368956000,"message":["Server running on: http://localhost:3050/catalogs/catalogs"],"timestamp":"2024-02-16 23:28:45"}
{"level":"info","logId":11022024259800,"message":["Server running on: http://localhost:3050/catalogs/catalogs"],"timestamp":"2024-02-16 23:28:59"}
{"level":"info","logId":11154221631000,"message":["Server running on: http://localhost:3050/catalogs/catalogs"],"timestamp":"2024-02-16 23:31:11"}
{"level":"info","logId":11157902589000,"message":["Server running on: http://localhost:3050/catalogs/catalogs"],"timestamp":"2024-02-16 23:31:15"}
{"level":"info","logId":11161639891800,"message":["Server running on: http://localhost:3050/catalogs/catalogs"],"timestamp":"2024-02-16 23:31:18"}
{"level":"info","logId":11172006130600,"message":["Server running on: http://localhost:3050/catalogs/catalogs"],"timestamp":"2024-02-16 23:31:29"}
{"level":"info","logId":11201646141600,"message":["Server running on: http://localhost:3050/catalogs/catalogs"],"timestamp":"2024-02-16 23:31:58"}
{"level":"info","logId":11226322427000,"message":["Server running on: http://localhost:3050/catalogs/catalogs"],"timestamp":"2024-02-16 23:32:23"}
{"level":"info","logId":11231246272400,"message":["Server running on: http://localhost:3050/catalogs/catalogs"],"timestamp":"2024-02-16 23:32:28"}
{"level":"info","logId":11232258988800,"message":["Server running on: http://localhost:3050/catalogs/catalogs"],"timestamp":"2024-02-16 23:32:29"}
{"level":"info","logId":11233648931300,"message":["Server running on: http://localhost:3050/catalogs/catalogs"],"timestamp":"2024-02-16 23:32:30"}
{"level":"info","logId":11235782887900,"message":["Server running on: http://localhost:3050/catalogs/catalogs"],"timestamp":"2024-02-16 23:32:33"}
{"level":"info","logId":11239725278400,"message":["Server running on: http://localhost:3050/catalogs/catalogs"],"timestamp":"2024-02-16 23:32:36"}
{"level":"info","logId":11293247551700,"message":["Server running on: http://localhost:3050/catalogs/catalogs"],"timestamp":"2024-02-16 23:33:30"}
{"level":"info","logId":11351507678700,"message":["Server running on: http://localhost:3050/catalogs/catalogs"],"timestamp":"2024-02-16 23:34:28"}
{"level":"info","logId":11353948610200,"message":["Server running on: http://localhost:3050/catalogs/catalogs"],"timestamp":"2024-02-16 23:34:31"}
{"level":"info","logId":11354725636200,"message":["Server running on: http://localhost:3050/catalogs/catalogs"],"timestamp":"2024-02-16 23:34:31"}
{"level":"info","logId":11435172286300,"message":["Server running on: http://localhost:3050/catalogs/catalogs"],"timestamp":"2024-02-16 23:35:52"}
{"level":"info","logId":11471280363500,"message":["Server running on: http://localhost:3050/catalogs/catalogs"],"timestamp":"2024-02-16 23:36:28"}
{"level":"info","logId":11486642642600,"message":["Server running on: http://localhost:3050/catalogs/catalogs"],"timestamp":"2024-02-16 23:36:43"}
{"level":"info","logId":11507572169500,"message":["Server running on: http://localhost:3050/catalogs/catalogs"],"timestamp":"2024-02-16 23:37:04"}
{"level":"info","logId":11517666440600,"message":["Server running on: http://localhost:3050/catalogs/catalogs"],"timestamp":"2024-02-16 23:37:14"}
{"level":"info","logId":11520081103600,"message":["Server running on: http://localhost:3050/catalogs/catalogs"],"timestamp":"2024-02-16 23:37:17"}
{"level":"info","logId":11527492878500,"message":["Server running on: http://localhost:3050/catalogs/catalogs"],"timestamp":"2024-02-16 23:37:24"}
{"level":"info","logId":11529728747700,"message":["Server running on: http://localhost:3050/catalogs/catalogs"],"timestamp":"2024-02-16 23:37:26"}
{"level":"info","logId":11546926651600,"message":["Server running on: http://localhost:3050/catalogs/catalogs"],"timestamp":"2024-02-16 23:37:44"}
{"level":"info","logId":11549745094600,"message":["Server running on: http://localhost:3050/catalogs/catalogs"],"timestamp":"2024-02-16 23:37:46"}
{"level":"info","logId":11555773482500,"message":["Server running on: http://localhost:3050/catalogs/catalogs"],"timestamp":"2024-02-16 23:37:53"}
{"level":"info","logId":11557941506400,"message":["Server running on: http://localhost:3050/catalogs/catalogs"],"timestamp":"2024-02-16 23:37:55"}
{"level":"info","logId":11604974472400,"message":["Server running on: http://localhost:3050/catalogs/catalogs"],"timestamp":"2024-02-16 23:38:42"}
{"level":"info","logId":11638753154600,"message":["Server running on: http://localhost:3050/catalogs/catalogs"],"timestamp":"2024-02-16 23:39:15"}
{"level":"info","logId":11644886600200,"message":["Server running on: http://localhost:3050/catalogs/catalogs"],"timestamp":"2024-02-16 23:39:22"}
{"level":"info","logId":11649377399100,"message":["Server running on: http://localhost:3050/catalogs/catalogs"],"timestamp":"2024-02-16 23:39:26"}
{"level":"info","logId":11651810192200,"message":["Server running on: http://localhost:3050/catalogs/catalogs"],"timestamp":"2024-02-16 23:39:29"}
{"level":"info","logId":11655801197300,"message":["Server running on: http://localhost:3050/catalogs/catalogs"],"timestamp":"2024-02-16 23:39:33"}
{"level":"info","logId":11662213089700,"message":["Server running on: http://localhost:3050/catalogs/catalogs"],"timestamp":"2024-02-16 23:39:39"}
{"level":"info","logId":11663808383400,"message":["Server running on: http://localhost:3050/catalogs/catalogs"],"timestamp":"2024-02-16 23:39:41"}
{"level":"info","logId":11664971034700,"message":["Server running on: http://localhost:3050/catalogs/catalogs"],"timestamp":"2024-02-16 23:39:42"}
{"level":"info","logId":11667236292900,"message":["Server running on: http://localhost:3050/catalogs/catalogs"],"timestamp":"2024-02-16 23:39:44"}
{"level":"info","logId":11670703058200,"message":["Server running on: http://localhost:3050/catalogs/catalogs"],"timestamp":"2024-02-16 23:39:47"}
{"level":"info","logId":11782537620800,"message":["Server running on: http://localhost:3050/catalogs/catalogs"],"timestamp":"2024-02-16 23:41:39"}
{"level":"info","logId":11901002983800,"message":["Server running on: http://localhost:3050/catalogs/catalogs"],"timestamp":"2024-02-16 23:43:38"}
{"level":"info","logId":11904241633900,"message":["Server running on: http://localhost:3050/catalogs/catalogs"],"timestamp":"2024-02-16 23:43:41"}
{"level":"info","logId":11909240557700,"message":["Server running on: http://localhost:3050/catalogs/catalogs"],"timestamp":"2024-02-16 23:43:46"}
{"level":"info","logId":11925026458000,"message":["Server running on: http://localhost:3050/catalogs/catalogs"],"timestamp":"2024-02-16 23:44:02"}
{"level":"info","logId":11929264188700,"message":["Server running on: http://localhost:3050/catalogs/catalogs"],"timestamp":"2024-02-16 23:44:06"}
{"level":"info","logId":11974755521600,"message":["Server running on: http://localhost:3050/catalogs/catalogs"],"timestamp":"2024-02-16 23:44:51"}
{"level":"info","logId":11984181617700,"message":["Server running on: http://localhost:3050/catalogs/catalogs"],"timestamp":"2024-02-16 23:45:01"}
{"level":"info","logId":11991475378100,"message":["Server running on: http://localhost:3050/catalogs/catalogs"],"timestamp":"2024-02-16 23:45:08"}
{"level":"info","logId":11996633566100,"message":["Server running on: http://localhost:3050/catalogs/catalogs"],"timestamp":"2024-02-16 23:45:13"}
{"level":"info","logId":12003660572000,"message":["Server running on: http://localhost:3050/catalogs/catalogs"],"timestamp":"2024-02-16 23:45:20"}
{"level":"info","logId":12008794108500,"message":["Server running on: http://localhost:3050/catalogs/catalogs"],"timestamp":"2024-02-16 23:45:26"}
{"level":"info","logId":12012358872700,"message":["Server running on: http://localhost:3050/catalogs/catalogs"],"timestamp":"2024-02-16 23:45:29"}
{"level":"info","logId":40995950660700,"message":["Server running on: http://localhost:3050/catalogs/catalogs"],"timestamp":"2024-02-17 07:48:33"}
{"level":"info","logId":40997355685200,"message":["Server running on: http://localhost:3050/catalogs/catalogs"],"timestamp":"2024-02-17 07:48:34"}
{"level":"info","logId":41062273519200,"message":["Server running on: http://localhost:3050/catalogs/catalogs"],"timestamp":"2024-02-17 07:49:39"}
{"level":"info","logId":41141079401500,"message":["Server running on: http://localhost:3050/catalogs/catalogs"],"timestamp":"2024-02-17 07:50:58"}
{"level":"info","logId":47244022278400,"message":["Server running on: http://localhost:3050/catalogs/catalogs"],"timestamp":"2024-02-17 09:32:41"}
{"level":"info","logId":47333816380600,"message":["Server running on: http://localhost:3050/catalogs/catalogs"],"timestamp":"2024-02-17 09:34:11"}
{"level":"info","logId":47344064846700,"message":["Server running on: http://localhost:3050/catalogs/catalogs"],"timestamp":"2024-02-17 09:34:21"}
{"level":"info","logId":47655650441800,"message":["Server running on: http://localhost:3050/catalogs/catalogs"],"timestamp":"2024-02-17 09:39:32"}
{"level":"info","logId":47662199876700,"message":["Server running on: http://localhost:3050/catalogs/catalogs"],"timestamp":"2024-02-17 09:39:39"}
{"level":"info","logId":47721231425300,"message":["Server running on: http://localhost:3050/catalogs/catalogs"],"timestamp":"2024-02-17 09:40:38"}
{"level":"info","logId":48230227709700,"message":["Server running on: http://localhost:3050/catalogs/catalogs"],"timestamp":"2024-02-17 09:49:07"}
{"level":"info","logId":49255571825000,"message":["Server running on: http://localhost:3050/catalogs/catalogs"],"timestamp":"2024-02-17 10:06:12"}
{"level":"info","logId":49602433350600,"message":["Server running on: http://localhost:3050/catalogs/catalogs"],"timestamp":"2024-02-17 10:11:59"}
{"level":"info","logId":49615799378600,"message":["Server running on: http://localhost:3050/catalogs/catalogs"],"timestamp":"2024-02-17 10:12:13"}
{"level":"info","logId":49618763683900,"message":["Server running on: http://localhost:3050/catalogs/catalogs"],"timestamp":"2024-02-17 10:12:15"}
{"level":"info","logId":49632183561600,"message":["Server running on: http://localhost:3050/catalogs/catalogs"],"timestamp":"2024-02-17 10:12:29"}
{"level":"info","logId":49642188412300,"message":["Server running on: http://localhost:3050/catalogs/catalogs"],"timestamp":"2024-02-17 10:12:39"}
{"level":"info","logId":49707357737400,"message":["Server running on: http://localhost:3050/catalogs/catalogs"],"timestamp":"2024-02-17 10:13:44"}
{"level":"info","logId":49723891700700,"message":["Server running on: http://localhost:3050/catalogs/catalogs"],"timestamp":"2024-02-17 10:14:01"}
{"level":"info","logId":49791515649000,"message":["Server running on: http://localhost:3050/catalogs/catalogs"],"timestamp":"2024-02-17 10:15:08"}
{"level":"info","logId":49792367958900,"message":["Server running on: http://localhost:3050/catalogs/catalogs"],"timestamp":"2024-02-17 10:15:09"}
{"level":"info","logId":49798988974900,"message":["Server running on: http://localhost:3050/catalogs/catalogs"],"timestamp":"2024-02-17 10:15:16"}
{"level":"info","logId":49854937592100,"message":["Server running on: http://localhost:3050/catalogs/catalogs"],"timestamp":"2024-02-17 10:16:12"}
{"level":"info","logId":49916950849400,"message":["Server running on: http://localhost:3050/catalogs/catalogs"],"timestamp":"2024-02-17 10:17:14"}
{"level":"info","logId":49923587550400,"message":["Server running on: http://localhost:3050/catalogs/catalogs"],"timestamp":"2024-02-17 10:17:20"}
{"level":"info","logId":49926978181300,"message":["Server running on: http://localhost:3050/catalogs/catalogs"],"timestamp":"2024-02-17 10:17:24"}
{"level":"info","logId":49930096578400,"message":["Server running on: http://localhost:3050/catalogs/catalogs"],"timestamp":"2024-02-17 10:17:27"}
{"level":"info","logId":49930744995600,"message":["Server running on: http://localhost:3050/catalogs/catalogs"],"timestamp":"2024-02-17 10:17:27"}
{"level":"info","logId":49935165093200,"message":["Server running on: http://localhost:3050/catalogs/catalogs"],"timestamp":"2024-02-17 10:17:32"}
{"level":"info","logId":50079931320300,"message":["Server running on: http://localhost:3050/catalogs/catalogs"],"timestamp":"2024-02-17 10:19:57"}
{"level":"info","logId":50590291969300,"message":["Server running on: http://localhost:3050/catalogs/catalogs"],"timestamp":"2024-02-17 10:28:27"}
{"level":"info","logId":50593973024900,"message":["Server running on: http://localhost:3050/catalogs/catalogs"],"timestamp":"2024-02-17 10:28:31"}
{"level":"info","logId":50597121597600,"message":["Server running on: http://localhost:3050/catalogs/catalogs"],"timestamp":"2024-02-17 10:28:34"}
{"level":"info","logId":50601765898600,"message":["Server running on: http://localhost:3050/catalogs/catalogs"],"timestamp":"2024-02-17 10:28:38"}
{"level":"info","logId":50700087369600,"message":["Server running on: http://localhost:3050/catalogs/catalogs"],"timestamp":"2024-02-17 10:30:17"}
{"level":"info","logId":50704436066800,"message":["Server running on: http://localhost:3050/catalogs/catalogs"],"timestamp":"2024-02-17 10:30:21"}
{"level":"info","logId":50711911678400,"message":["Server running on: http://localhost:3050/catalogs/catalogs"],"timestamp":"2024-02-17 10:30:29"}
{"level":"info","logId":50715507298400,"message":["Server running on: http://localhost:3050/catalogs/catalogs"],"timestamp":"2024-02-17 10:30:32"}
{"level":"info","logId":50807914415000,"message":["Server running on: http://localhost:3050/catalogs/catalogs"],"timestamp":"2024-02-17 10:32:05"}
{"level":"info","logId":50809545215100,"message":["Server running on: http://localhost:3050/catalogs/catalogs"],"timestamp":"2024-02-17 10:32:06"}
{"level":"info","logId":50814799588200,"message":["Server running on: http://localhost:3050/catalogs/catalogs"],"timestamp":"2024-02-17 10:32:12"}
{"level":"info","logId":50857552374600,"message":["Server running on: http://localhost:3050/catalogs/catalogs"],"timestamp":"2024-02-17 10:32:54"}
{"level":"info","logId":50858770462300,"message":["Server running on: http://localhost:3050/catalogs/catalogs"],"timestamp":"2024-02-17 10:32:56"}
{"level":"info","logId":50862660442300,"message":["Server running on: http://localhost:3050/catalogs/catalogs"],"timestamp":"2024-02-17 10:32:59"}
{"level":"info","logId":50868598629500,"message":["Server running on: http://localhost:3050/catalogs/catalogs"],"timestamp":"2024-02-17 10:33:05"}
{"level":"info","logId":50875078771900,"message":["Server running on: http://localhost:3050/catalogs/catalogs"],"timestamp":"2024-02-17 10:33:12"}
{"level":"info","logId":50912764992700,"message":["Server running on: http://localhost:3050/catalogs/catalogs"],"timestamp":"2024-02-17 10:33:49"}
{"level":"info","logId":50915435570800,"message":["Server running on: http://localhost:3050/catalogs/catalogs"],"timestamp":"2024-02-17 10:33:52"}
{"level":"info","logId":50937288153000,"message":["Server running on: http://localhost:3050/catalogs/catalogs"],"timestamp":"2024-02-17 10:34:14"}
{"level":"info","logId":50962090096400,"message":["Server running on: http://localhost:3050/catalogs/catalogs"],"timestamp":"2024-02-17 10:34:39"}
{"level":"info","logId":50967748236100,"message":["Server running on: http://localhost:3050/catalogs/catalogs"],"timestamp":"2024-02-17 10:34:44"}
{"level":"info","logId":50971796352700,"message":["Server running on: http://localhost:3050/catalogs/catalogs"],"timestamp":"2024-02-17 10:34:49"}
{"level":"info","logId":51053934995000,"message":["Server running on: http://localhost:3050/catalogs/catalogs"],"timestamp":"2024-02-17 10:36:11"}
{"level":"info","logId":51111062144400,"message":["Server running on: http://localhost:3050/catalogs/catalogs"],"timestamp":"2024-02-17 10:37:08"}
{"level":"info","logId":51125248518900,"message":["Server running on: http://localhost:3050/catalogs/catalogs"],"timestamp":"2024-02-17 10:37:22"}
{"level":"info","logId":51150964126100,"message":["Server running on: http://localhost:3050/catalogs/catalogs"],"timestamp":"2024-02-17 10:37:48"}
{"level":"info","logId":51183229941600,"message":["Server running on: http://localhost:3050/catalogs/catalogs"],"timestamp":"2024-02-17 10:38:20"}
{"level":"info","logId":51202866931000,"message":["Server running on: http://localhost:3050/catalogs/catalogs"],"timestamp":"2024-02-17 10:38:40"}
{"level":"info","logId":51231279106800,"message":["Server running on: http://localhost:3050/catalogs/catalogs"],"timestamp":"2024-02-17 10:39:08"}
{"level":"info","logId":51250151494700,"message":["Server running on: http://localhost:3050/catalogs/catalogs"],"timestamp":"2024-02-17 10:39:27"}
{"level":"info","logId":51270669080100,"message":["Server running on: http://localhost:3050/catalogs/catalogs"],"timestamp":"2024-02-17 10:39:47"}
{"level":"info","logId":51273103166200,"message":["Server running on: http://localhost:3050/catalogs/catalogs"],"timestamp":"2024-02-17 10:39:50"}
{"level":"info","logId":51293780977700,"message":["Server running on: http://localhost:3050/catalogs/catalogs"],"timestamp":"2024-02-17 10:40:11"}
{"level":"info","logId":51305449787300,"message":["Server running on: http://localhost:3050/catalogs/catalogs"],"timestamp":"2024-02-17 10:40:22"}
{"level":"info","logId":51313780229200,"message":["Server running on: http://localhost:3050/catalogs/catalogs"],"timestamp":"2024-02-17 10:40:31"}
{"level":"info","logId":51348583159000,"message":["Server running on: http://localhost:3050/catalogs/catalogs"],"timestamp":"2024-02-17 10:41:05"}
{"level":"info","logId":51400227938500,"message":["Server running on: http://localhost:3050/catalogs/catalogs"],"timestamp":"2024-02-17 10:41:57"}
{"level":"info","logId":51415077685400,"message":["Server running on: http://localhost:3050/catalogs/catalogs"],"timestamp":"2024-02-17 10:42:12"}
{"level":"info","logId":51431076761100,"message":["Server running on: http://localhost:3050/catalogs/catalogs"],"timestamp":"2024-02-17 10:42:28"}
{"level":"info","logId":51432325760200,"message":["Server running on: http://localhost:3050/catalogs/catalogs"],"timestamp":"2024-02-17 10:42:29"}
{"level":"info","logId":51463283196400,"message":["Server running on: http://localhost:3050/catalogs/catalogs"],"timestamp":"2024-02-17 10:43:00"}
{"level":"info","logId":51466269482800,"message":["Server running on: http://localhost:3050/catalogs/catalogs"],"timestamp":"2024-02-17 10:43:03"}
{"level":"info","logId":51474397581200,"message":["Server running on: http://localhost:3050/catalogs/catalogs"],"timestamp":"2024-02-17 10:43:11"}
{"level":"info","logId":51476670365700,"message":["Server running on: http://localhost:3050/catalogs/catalogs"],"timestamp":"2024-02-17 10:43:13"}
{"level":"info","logId":51479237882800,"message":["Server running on: http://localhost:3050/catalogs/catalogs"],"timestamp":"2024-02-17 10:43:16"}
{"level":"info","logId":51480265559900,"message":["Server running on: http://localhost:3050/catalogs/catalogs"],"timestamp":"2024-02-17 10:43:17"}
{"level":"info","logId":51506129662800,"message":["Server running on: http://localhost:3050/catalogs/catalogs"],"timestamp":"2024-02-17 10:43:43"}
{"level":"info","logId":51508167417600,"message":["Server running on: http://localhost:3050/catalogs/catalogs"],"timestamp":"2024-02-17 10:43:45"}
{"level":"info","logId":51509428517800,"message":["Server running on: http://localhost:3050/catalogs/catalogs"],"timestamp":"2024-02-17 10:43:46"}
{"level":"info","logId":51512988353000,"message":["Server running on: http://localhost:3050/catalogs/catalogs"],"timestamp":"2024-02-17 10:43:50"}
{"level":"info","logId":51514907548400,"message":["Server running on: http://localhost:3050/catalogs/catalogs"],"timestamp":"2024-02-17 10:43:52"}
{"level":"info","logId":51532629414200,"message":["Server running on: http://localhost:3050/catalogs/catalogs"],"timestamp":"2024-02-17 10:44:09"}
{"level":"info","logId":51547792573500,"message":["Server running on: http://localhost:3050/catalogs/catalogs"],"timestamp":"2024-02-17 10:44:25"}
{"level":"info","logId":51555925014700,"message":["Server running on: http://localhost:3050/catalogs/catalogs"],"timestamp":"2024-02-17 10:44:33"}
{"level":"info","logId":51569126477800,"message":["Server running on: http://localhost:3050/catalogs/catalogs"],"timestamp":"2024-02-17 10:44:46"}
{"level":"info","logId":51594228135600,"message":["Server running on: http://localhost:3050/catalogs/catalogs"],"timestamp":"2024-02-17 10:45:11"}
{"level":"info","logId":51595176827900,"message":["Server running on: http://localhost:3050/catalogs/catalogs"],"timestamp":"2024-02-17 10:45:12"}
{"level":"info","logId":51599065408400,"message":["Server running on: http://localhost:3050/catalogs/catalogs"],"timestamp":"2024-02-17 10:45:16"}
{"level":"info","logId":51605988972200,"message":["Server running on: http://localhost:3050/catalogs/catalogs"],"timestamp":"2024-02-17 10:45:23"}
{"level":"info","logId":51611013369300,"message":["Server running on: http://localhost:3050/catalogs/catalogs"],"timestamp":"2024-02-17 10:45:28"}
{"level":"info","logId":51639063918500,"message":["Server running on: http://localhost:3050/catalogs/catalogs"],"timestamp":"2024-02-17 10:45:56"}
{"level":"info","logId":51640721657700,"message":["Server running on: http://localhost:3050/catalogs/catalogs"],"timestamp":"2024-02-17 10:45:57"}
{"level":"info","logId":51644852662100,"message":["Server running on: http://localhost:3050/catalogs/catalogs"],"timestamp":"2024-02-17 10:46:02"}
{"level":"info","logId":51648985158300,"message":["Server running on: http://localhost:3050/catalogs/catalogs"],"timestamp":"2024-02-17 10:46:06"}
{"level":"info","logId":51651791764500,"message":["Server running on: http://localhost:3050/catalogs/catalogs"],"timestamp":"2024-02-17 10:46:09"}
{"level":"info","logId":51654517745200,"message":["Server running on: http://localhost:3050/catalogs/catalogs"],"timestamp":"2024-02-17 10:46:11"}
{"level":"info","logId":51669452705300,"message":["Server running on: http://localhost:3050/catalogs/catalogs"],"timestamp":"2024-02-17 10:46:26"}
{"level":"info","logId":51674064921400,"message":["Server running on: http://localhost:3050/catalogs/catalogs"],"timestamp":"2024-02-17 10:46:31"}
{"level":"info","logId":51677489759300,"message":["Server running on: http://localhost:3050/catalogs/catalogs"],"timestamp":"2024-02-17 10:46:34"}
{"level":"info","logId":51681436079500,"message":["Server running on: http://localhost:3050/catalogs/catalogs"],"timestamp":"2024-02-17 10:46:38"}
{"level":"info","logId":51796667926500,"message":["Server running on: http://localhost:3050/catalogs/catalogs"],"timestamp":"2024-02-17 10:48:33"}
{"level":"info","logId":51797450024200,"message":["Server running on: http://localhost:3050/catalogs/catalogs"],"timestamp":"2024-02-17 10:48:34"}
{"level":"info","logId":51801778475300,"message":["Server running on: http://localhost:3050/catalogs/catalogs"],"timestamp":"2024-02-17 10:48:39"}
{"level":"info","logId":51815245839300,"message":["Server running on: http://localhost:3050/catalogs/catalogs"],"timestamp":"2024-02-17 10:48:52"}
{"level":"info","logId":51818586400600,"message":["Server running on: http://localhost:3050/catalogs/catalogs"],"timestamp":"2024-02-17 10:48:55"}
{"level":"info","logId":51824382478500,"message":["Server running on: http://localhost:3050/catalogs/catalogs"],"timestamp":"2024-02-17 10:49:01"}
{"level":"info","logId":52016398855500,"message":["Server running on: http://localhost:3050/catalogs/catalogs"],"timestamp":"2024-02-17 10:52:13"}
{"level":"info","logId":52021561084800,"message":["Server running on: http://localhost:3050/catalogs/catalogs"],"timestamp":"2024-02-17 10:52:18"}
{"level":"info","logId":52032093576300,"message":["Server running on: http://localhost:3050/catalogs/catalogs"],"timestamp":"2024-02-17 10:52:29"}
{"level":"info","logId":52161018902200,"message":["Server running on: http://localhost:3050/catalogs/catalogs"],"timestamp":"2024-02-17 10:54:38"}
{"level":"info","logId":52199576604400,"message":["Server running on: http://localhost:3050/catalogs/catalogs"],"timestamp":"2024-02-17 10:55:16"}
{"level":"info","logId":52300654931100,"message":["Server running on: http://localhost:3050/catalogs/catalogs"],"timestamp":"2024-02-17 10:56:57"}
{"level":"info","logId":52313094582100,"message":["Server running on: http://localhost:3050/catalogs/catalogs"],"timestamp":"2024-02-17 10:57:10"}
{"level":"info","logId":52351895414300,"message":["Server running on: http://localhost:3050/catalogs/catalogs"],"timestamp":"2024-02-17 10:57:49"}
{"level":"info","logId":52361050631200,"message":["Server running on: http://localhost:3050/catalogs/catalogs"],"timestamp":"2024-02-17 10:57:58"}
{"level":"info","logId":52379019661200,"message":["Server running on: http://localhost:3050/catalogs/catalogs"],"timestamp":"2024-02-17 10:58:16"}
{"level":"info","logId":52445102942800,"message":["Server running on: http://localhost:3050/catalogs/catalogs"],"timestamp":"2024-02-17 10:59:22"}
{"level":"info","logId":52453038725100,"message":["Server running on: http://localhost:3050/catalogs/catalogs"],"timestamp":"2024-02-17 10:59:30"}
{"level":"info","logId":52460220009900,"message":["Server running on: http://localhost:3050/catalogs/catalogs"],"timestamp":"2024-02-17 10:59:37"}
{"level":"info","logId":52466241861000,"message":["Server running on: http://localhost:3050/catalogs/catalogs"],"timestamp":"2024-02-17 10:59:43"}
{"level":"info","logId":52482621644600,"message":["Server running on: http://localhost:3050/catalogs/catalogs"],"timestamp":"2024-02-17 10:59:59"}
{"level":"info","logId":52485861143700,"message":["Server running on: http://localhost:3050/catalogs/catalogs"],"timestamp":"2024-02-17 11:00:03"}
{"level":"info","logId":52489222125500,"message":["Server running on: http://localhost:3050/catalogs/catalogs"],"timestamp":"2024-02-17 11:00:06"}
{"level":"info","logId":52490198814300,"message":["Server running on: http://localhost:3050/catalogs/catalogs"],"timestamp":"2024-02-17 11:00:07"}
{"level":"info","logId":52529787163100,"message":["Server running on: http://localhost:3050/catalogs/catalogs"],"timestamp":"2024-02-17 11:00:47"}
{"level":"info","logId":52582459388900,"message":["Server running on: http://localhost:3050/catalogs/catalogs"],"timestamp":"2024-02-17 11:01:39"}
{"level":"info","logId":52596039339000,"message":["Server running on: http://localhost:3050/catalogs/catalogs"],"timestamp":"2024-02-17 11:01:53"}
{"level":"info","logId":52652928945400,"message":["Server running on: http://localhost:3050/catalogs/catalogs"],"timestamp":"2024-02-17 11:02:50"}
{"level":"info","logId":52694062196900,"message":["Server running on: http://localhost:3050/catalogs/catalogs"],"timestamp":"2024-02-17 11:03:31"}
{"level":"info","logId":52767154923600,"message":["Server running on: http://localhost:3050/catalogs/catalogs"],"timestamp":"2024-02-17 11:04:44"}
{"level":"info","logId":52786052328100,"message":["Server running on: http://localhost:3050/catalogs/catalogs"],"timestamp":"2024-02-17 11:05:03"}
{"level":"info","logId":52797878495400,"message":["Server running on: http://localhost:3050/catalogs/catalogs"],"timestamp":"2024-02-17 11:05:15"}
{"level":"info","logId":52814157763200,"message":["Server running on: http://localhost:3050/catalogs/catalogs"],"timestamp":"2024-02-17 11:05:31"}
{"level":"info","logId":52824944820100,"message":["Server running on: http://localhost:3050/catalogs/catalogs"],"timestamp":"2024-02-17 11:05:42"}
{"level":"info","logId":52828636205200,"message":["Server running on: http://localhost:3050/catalogs/catalogs"],"timestamp":"2024-02-17 11:05:45"}
{"level":"info","logId":52830305907700,"message":["Server running on: http://localhost:3050/catalogs/catalogs"],"timestamp":"2024-02-17 11:05:47"}
{"level":"info","logId":52834632418400,"message":["Server running on: http://localhost:3050/catalogs/catalogs"],"timestamp":"2024-02-17 11:05:51"}
{"level":"info","logId":52839250444400,"message":["Server running on: http://localhost:3050/catalogs/catalogs"],"timestamp":"2024-02-17 11:05:56"}
{"level":"info","logId":52841072138000,"message":["Server running on: http://localhost:3050/catalogs/catalogs"],"timestamp":"2024-02-17 11:05:58"}
{"level":"info","logId":52844603549700,"message":["Server running on: http://localhost:3050/catalogs/catalogs"],"timestamp":"2024-02-17 11:06:01"}
{"level":"info","logId":52848475340500,"message":["Server running on: http://localhost:3050/catalogs/catalogs"],"timestamp":"2024-02-17 11:06:05"}
{"level":"info","logId":52851215343700,"message":["Server running on: http://localhost:3050/catalogs/catalogs"],"timestamp":"2024-02-17 11:06:08"}
{"level":"info","logId":52853117042200,"message":["Server running on: http://localhost:3050/catalogs/catalogs"],"timestamp":"2024-02-17 11:06:10"}
{"level":"info","logId":52854793440400,"message":["Server running on: http://localhost:3050/catalogs/catalogs"],"timestamp":"2024-02-17 11:06:12"}
{"level":"info","logId":52857203296900,"message":["Server running on: http://localhost:3050/catalogs/catalogs"],"timestamp":"2024-02-17 11:06:14"}
{"level":"info","logId":52860975664400,"message":["Server running on: http://localhost:3050/catalogs/catalogs"],"timestamp":"2024-02-17 11:06:18"}
{"level":"info","logId":52934372105100,"message":["Server running on: http://localhost:3050/catalogs/catalogs"],"timestamp":"2024-02-17 11:07:31"}
{"level":"info","logId":63491520476400,"message":["Server running on: http://localhost:3050/catalogs/catalogs"],"timestamp":"2024-02-17 14:03:28"}
{"level":"info","logId":64829627095100,"message":["Server running on: http://localhost:3050/catalogs/catalogs"],"timestamp":"2024-02-17 14:25:46"}
{"level":"info","logId":65746704357800,"message":["Server running on: http://localhost:3050/catalogs/catalogs"],"timestamp":"2024-02-17 14:41:03"}
{"level":"info","logId":65748396317100,"message":["Server running on: http://localhost:3050/catalogs/catalogs"],"timestamp":"2024-02-17 14:41:05"}
{"level":"info","logId":65749719522600,"message":["Server running on: http://localhost:3050/catalogs/catalogs"],"timestamp":"2024-02-17 14:41:06"}
{"level":"info","logId":65752073490800,"message":["Server running on: http://localhost:3050/catalogs/catalogs"],"timestamp":"2024-02-17 14:41:09"}
{"level":"info","logId":65753141138600,"message":["Server running on: http://localhost:3050/catalogs/catalogs"],"timestamp":"2024-02-17 14:41:10"}
{"level":"info","logId":65769639686700,"message":["Server running on: http://localhost:3050/catalogs/catalogs"],"timestamp":"2024-02-17 14:41:26"}
{"level":"info","logId":65770964022100,"message":["Server running on: http://localhost:3050/catalogs/catalogs"],"timestamp":"2024-02-17 14:41:28"}
{"level":"info","logId":65802220516200,"message":["Server running on: http://localhost:3050/catalogs/catalogs"],"timestamp":"2024-02-17 14:41:59"}
{"level":"info","logId":65815741149100,"message":["Server running on: http://localhost:3050/catalogs/catalogs"],"timestamp":"2024-02-17 14:42:12"}
{"level":"info","logId":65836645067200,"message":["Server running on: http://localhost:3050/catalogs/catalogs"],"timestamp":"2024-02-17 14:42:33"}
{"level":"info","logId":65837640308500,"message":["Server running on: http://localhost:3050/catalogs/catalogs"],"timestamp":"2024-02-17 14:42:34"}
{"level":"info","logId":65905596266100,"message":["Server running on: http://localhost:3050/catalogs/catalogs"],"timestamp":"2024-02-17 14:43:42"}
{"level":"info","logId":65909696731700,"message":["Server running on: http://localhost:3050/catalogs/catalogs"],"timestamp":"2024-02-17 14:43:46"}
{"level":"info","logId":65912051104400,"message":["Server running on: http://localhost:3050/catalogs/catalogs"],"timestamp":"2024-02-17 14:43:49"}
{"level":"info","logId":65954182209300,"message":["Server running on: http://localhost:3050/catalogs/catalogs"],"timestamp":"2024-02-17 14:44:31"}
{"level":"info","logId":65969654459500,"message":["Server running on: http://localhost:3050/catalogs/catalogs"],"timestamp":"2024-02-17 14:44:46"}
{"level":"info","logId":65970381982900,"message":["Server running on: http://localhost:3050/catalogs/catalogs"],"timestamp":"2024-02-17 14:44:47"}
{"level":"info","logId":65977493658300,"message":["Server running on: http://localhost:3050/catalogs/catalogs"],"timestamp":"2024-02-17 14:44:54"}
{"level":"info","logId":65987313152700,"message":["Server running on: http://localhost:3050/catalogs/catalogs"],"timestamp":"2024-02-17 14:45:04"}
{"level":"info","logId":66001115713200,"message":["Server running on: http://localhost:3050/catalogs/catalogs"],"timestamp":"2024-02-17 14:45:18"}
{"level":"info","logId":66013483815600,"message":["Server running on: http://localhost:3050/catalogs/catalogs"],"timestamp":"2024-02-17 14:45:30"}
{"level":"info","logId":66022276851200,"message":["Server running on: http://localhost:3050/catalogs/catalogs"],"timestamp":"2024-02-17 14:45:39"}
{"level":"info","logId":66023997228500,"message":["Server running on: http://localhost:3050/catalogs/catalogs"],"timestamp":"2024-02-17 14:45:41"}
{"level":"info","logId":66537565193200,"message":["Server running on: http://localhost:3050/catalogs/catalogs"],"timestamp":"2024-02-17 14:54:14"}
{"level":"info","logId":66544720355200,"message":["Server running on: http://localhost:3050/catalogs/catalogs"],"timestamp":"2024-02-17 14:54:21"}
{"level":"info","logId":66545866272000,"message":["Server running on: http://localhost:3050/catalogs/catalogs"],"timestamp":"2024-02-17 14:54:23"}
{"level":"info","logId":66548221625600,"message":["Server running on: http://localhost:3050/catalogs/catalogs"],"timestamp":"2024-02-17 14:54:25"}
{"level":"info","logId":66587373612700,"message":["Server running on: http://localhost:3050/catalogs/catalogs"],"timestamp":"2024-02-17 14:55:04"}
{"level":"info","logId":66588139081300,"message":["Server running on: http://localhost:3050/catalogs/catalogs"],"timestamp":"2024-02-17 14:55:05"}
{"level":"info","logId":66601988387800,"message":["Server running on: http://localhost:3050/catalogs/catalogs"],"timestamp":"2024-02-17 14:55:19"}
{"level":"info","logId":66608766950000,"message":["Server running on: http://localhost:3050/catalogs/catalogs"],"timestamp":"2024-02-17 14:55:25"}
{"level":"info","logId":66991376320500,"message":["Server running on: http://localhost:3050/catalogs/catalogs"],"timestamp":"2024-02-17 15:01:48"}
{"level":"info","logId":67261493115100,"message":["Server running on: http://localhost:3050/catalogs/catalogs"],"timestamp":"2024-02-17 15:06:18"}
{"level":"info","logId":67262488914800,"message":["Server running on: http://localhost:3050/catalogs/catalogs"],"timestamp":"2024-02-17 15:06:19"}
{"level":"info","logId":67301014285000,"message":["Server running on: http://localhost:3050/catalogs/catalogs"],"timestamp":"2024-02-17 15:06:58"}
{"level":"info","logId":67303576676800,"message":["Server running on: http://localhost:3050/catalogs/catalogs"],"timestamp":"2024-02-17 15:07:00"}
{"level":"info","logId":67408103404000,"message":["Server running on: http://localhost:3050/catalogs/catalogs"],"timestamp":"2024-02-17 15:08:45"}
{"level":"info","logId":67427237893600,"message":["Server running on: http://localhost:3050/catalogs/catalogs"],"timestamp":"2024-02-17 15:09:04"}
{"level":"info","logId":67452027721000,"message":["Server running on: http://localhost:3050/catalogs/catalogs"],"timestamp":"2024-02-17 15:09:29"}
{"level":"info","logId":67487432780500,"message":["Server running on: http://localhost:3050/catalogs/catalogs"],"timestamp":"2024-02-17 15:10:04"}
{"level":"info","logId":67510736220500,"message":["Server running on: http://localhost:3050/catalogs/catalogs"],"timestamp":"2024-02-17 15:10:27"}
{"level":"info","logId":67521495422200,"message":["Server running on: http://localhost:3050/catalogs/catalogs"],"timestamp":"2024-02-17 15:10:38"}
{"level":"info","logId":67536950189900,"message":["Server running on: http://localhost:3050/catalogs/catalogs"],"timestamp":"2024-02-17 15:10:54"}
{"level":"info","logId":67542102511900,"message":["Server running on: http://localhost:3050/catalogs/catalogs"],"timestamp":"2024-02-17 15:10:59"}
{"level":"info","logId":67552896721600,"message":["Server running on: http://localhost:3050/catalogs/catalogs"],"timestamp":"2024-02-17 15:11:10"}
{"level":"info","logId":67566596990000,"message":["Server running on: http://localhost:3050/catalogs/catalogs"],"timestamp":"2024-02-17 15:11:23"}
{"level":"info","logId":67608311640100,"message":["Server running on: http://localhost:3050/catalogs/catalogs"],"timestamp":"2024-02-17 15:12:05"}
{"level":"info","logId":67620696054900,"message":["Server running on: http://localhost:3050/catalogs/catalogs"],"timestamp":"2024-02-17 15:12:17"}
{"level":"info","logId":67638242898300,"message":["Server running on: http://localhost:3050/catalogs/catalogs"],"timestamp":"2024-02-17 15:12:35"}
{"level":"info","logId":67639268363700,"message":["Server running on: http://localhost:3050/catalogs/catalogs"],"timestamp":"2024-02-17 15:12:36"}
{"level":"info","logId":67641866318900,"message":["Server running on: http://localhost:3050/catalogs/catalogs"],"timestamp":"2024-02-17 15:12:39"}
{"level":"info","logId":67644762017000,"message":["Server running on: http://localhost:3050/catalogs/catalogs"],"timestamp":"2024-02-17 15:12:41"}
{"level":"info","logId":67648090180100,"message":["Server running on: http://localhost:3050/catalogs/catalogs"],"timestamp":"2024-02-17 15:12:45"}
{"level":"info","logId":67651108370700,"message":["Server running on: http://localhost:3050/catalogs/catalogs"],"timestamp":"2024-02-17 15:12:48"}
{"level":"info","logId":67653677052200,"message":["Server running on: http://localhost:3050/catalogs/catalogs"],"timestamp":"2024-02-17 15:12:50"}
{"level":"info","logId":67667205191000,"message":["Server running on: http://localhost:3050/catalogs/catalogs"],"timestamp":"2024-02-17 15:13:04"}
{"level":"info","logId":67669210385500,"message":["Server running on: http://localhost:3050/catalogs/catalogs"],"timestamp":"2024-02-17 15:13:06"}
{"level":"info","logId":68009929285000,"message":["Server running on: http://localhost:3050/catalogs/catalogs"],"timestamp":"2024-02-17 15:18:47"}
{"level":"info","logId":68013691425700,"message":["Server running on: http://localhost:3050/catalogs/catalogs"],"timestamp":"2024-02-17 15:18:50"}
{"level":"info","logId":69684301195200,"message":["Server running on: http://localhost:3050/catalogs/catalogs"],"timestamp":"2024-02-17 15:46:41"}
{"level":"info","logId":69725794600700,"message":["Server running on: http://localhost:3050/catalogs/catalogs"],"timestamp":"2024-02-17 15:47:23"}
{"level":"info","logId":70999191072800,"message":["Server running on: http://localhost:3050/catalogs/catalogs"],"timestamp":"2024-02-17 16:08:36"}
{"level":"info","logId":71002086077100,"message":["Server running on: http://localhost:3050/catalogs/catalogs"],"timestamp":"2024-02-17 16:08:39"}
{"level":"info","logId":71003319193600,"message":["Server running on: http://localhost:3050/catalogs/catalogs"],"timestamp":"2024-02-17 16:08:40"}
{"level":"info","logId":71789356575600,"message":["Server running on: http://localhost:3050/catalogs/catalogs"],"timestamp":"2024-02-17 16:21:46"}
{"level":"info","logId":71819853041400,"message":["Server running on: http://localhost:3050/catalogs/catalogs"],"timestamp":"2024-02-17 16:22:17"}
{"level":"info","logId":71824175433200,"message":["Server running on: http://localhost:3050/catalogs/catalogs"],"timestamp":"2024-02-17 16:22:21"}
{"level":"info","logId":71912408404100,"message":["Server running on: http://localhost:3050/catalogs/catalogs"],"timestamp":"2024-02-17 16:23:49"}
{"level":"info","logId":71926374709300,"message":["Server running on: http://localhost:3050/catalogs/catalogs"],"timestamp":"2024-02-17 16:24:03"}
{"level":"info","logId":71939131745100,"message":["Server running on: http://localhost:3050/catalogs/catalogs"],"timestamp":"2024-02-17 16:24:16"}
{"level":"info","logId":72038397535000,"message":["Server running on: http://localhost:3050/catalogs/catalogs"],"timestamp":"2024-02-17 16:25:55"}
{"level":"info","logId":72090949364100,"message":["Server running on: http://localhost:3050/catalogs/catalogs"],"timestamp":"2024-02-17 16:26:48"}
{"level":"info","logId":72103971326300,"message":["Server running on: http://localhost:3050/catalogs/catalogs"],"timestamp":"2024-02-17 16:27:01"}
{"level":"info","logId":72108638735300,"message":["Server running on: http://localhost:3050/catalogs/catalogs"],"timestamp":"2024-02-17 16:27:05"}
{"level":"info","logId":72142538266600,"message":["Server running on: http://localhost:3050/catalogs/catalogs"],"timestamp":"2024-02-17 16:27:39"}
{"level":"info","logId":72163779597900,"message":["Server running on: http://localhost:3050/catalogs/catalogs"],"timestamp":"2024-02-17 16:28:01"}
{"level":"info","logId":72186807844300,"message":["Server running on: http://localhost:3050/catalogs/catalogs"],"timestamp":"2024-02-17 16:28:24"}
{"level":"info","logId":72189740150700,"message":["Server running on: http://localhost:3050/catalogs/catalogs"],"timestamp":"2024-02-17 16:28:26"}
{"level":"info","logId":72194067410500,"message":["Server running on: http://localhost:3050/catalogs/catalogs"],"timestamp":"2024-02-17 16:28:31"}
{"level":"info","logId":72197554231400,"message":["Server running on: http://localhost:3050/catalogs/catalogs"],"timestamp":"2024-02-17 16:28:34"}
{"level":"info","logId":72203187573000,"message":["Server running on: http://localhost:3050/catalogs/catalogs"],"timestamp":"2024-02-17 16:28:40"}
{"level":"info","logId":72204092200300,"message":["Server running on: http://localhost:3050/catalogs/catalogs"],"timestamp":"2024-02-17 16:28:41"}
{"level":"info","logId":72259616591100,"message":["Server running on: http://localhost:3050/catalogs/catalogs"],"timestamp":"2024-02-17 16:29:36"}
{"level":"info","logId":72262722118000,"message":["Server running on: http://localhost:3050/catalogs/catalogs"],"timestamp":"2024-02-17 16:29:39"}
{"level":"info","logId":72263991756300,"message":["Server running on: http://localhost:3050/catalogs/catalogs"],"timestamp":"2024-02-17 16:29:41"}
{"level":"info","logId":72281257167100,"message":["Server running on: http://localhost:3050/catalogs/catalogs"],"timestamp":"2024-02-17 16:29:58"}
{"level":"info","logId":72288535069100,"message":["Server running on: http://localhost:3050/catalogs/catalogs"],"timestamp":"2024-02-17 16:30:05"}
{"level":"info","logId":74056130317400,"message":["Server running on: http://localhost:3050/catalogs/catalogs"],"timestamp":"2024-02-17 16:59:33"}
{"level":"info","logId":74420898408400,"message":["Server running on: http://localhost:3050/catalogs/catalogs"],"timestamp":"2024-02-17 17:05:38"}
{"level":"info","logId":75182510403900,"message":["Server running on: http://localhost:3050/catalogs/catalogs"],"timestamp":"2024-02-17 17:18:19"}
{"level":"info","logId":63312611551400,"message":["Server running on: http://localhost:3050/catalogs/catalogs"],"timestamp":"2024-02-18 11:20:32"}
{"level":"info","logId":64510486838100,"message":["Server running on: http://localhost:3050/catalogs/catalogs"],"timestamp":"2024-02-18 11:40:30"}
{"level":"info","logId":64745654297200,"message":["Server running on: http://localhost:3050/catalogs/catalogs"],"timestamp":"2024-02-18 11:44:25"}
{"level":"info","logId":64784362395400,"message":["Server running on: http://localhost:3050/catalogs/catalogs"],"timestamp":"2024-02-18 11:45:04"}
